[2025-06-17 20:37:34] adjust alpha ops
[2025-06-17 20:37:35] dark override initialized
[2025-06-17 20:38:04] remove weak patch
[2025-06-17 20:38:05] remove weak patch
[2025-06-17 20:38:05] update wolf.log
[2025-06-17 20:38:31] add shadow notes
[2025-06-17 20:38:32] add shadow notes
[2025-06-17 20:38:59] commit to darkness
[2025-06-17 20:39:26] refactor daemon
[2025-06-17 20:39:52] dark override initialized
[2025-06-17 20:39:53] optimize void cycle
[2025-06-17 20:39:53] optimize void cycle
[2025-06-17 20:40:20] adjust alpha ops
[2025-06-17 20:40:20] dark override initialized
[2025-06-17 20:40:20] optimize void cycle
[2025-06-17 20:40:48] add shadow notes
[2025-06-17 20:40:48] add shadow notes
[2025-06-17 20:41:15] remove weak patch
[2025-06-17 20:41:16] optimize void cycle
[2025-06-17 20:41:43] dark override initialized
[2025-06-17 20:42:16] dark override initialized
[2025-06-17 20:42:48] enhance crypt.sh
